This is SizeHPFC_01.py v1.0
GNU General Public License v3.0
Jovan Z Bebic

Run started on: 2018-06-03 21:53:06.131819

Before compensation
Power flows
  Ps = 736.70
  Qs = 200.90

  Pl2 = 350.23
  Ql2 = 78.96

  Pl3 = 350.23
  Ql3 = 66.19

  Pm = 31.52
  Qm = 2.74

  Prin = 731.82
  Qrin = 134.01
  Prout = 703.70
  Qrout = -43.61

Voltage values
  |Us| = 1.0382 pu, ang(Us) = 18.80 deg
  |U1| = 1.0189 pu, ang(U1) = 15.92 deg
  |U3| = 1.0116 pu, ang(U3) = 13.92 deg
  |Ur| = 0.9586 pu, ang(Ur) = 0.00 deg

Current values
  |Is| = 1.9301 kA, ang(Is) = 3.55 deg
  |Il| = 0.9247 kA, ang(Il) = 3.22 deg
  |Im| = 0.0815 kA, ang(Im) = 10.96 deg

After compensation
Power flows
  Pst = 931.52
  Qst = 39.96

  Pl1t = 900.00
  Ql1t = -30.00

  Pl2t = 450.00
  Ql2t = 100.00

  Pl3t = 450.00
  Ql3t = 79.17

  Pmt = 24.47
  Qmt = 9.95

  Prtin = 924.36
  Qrtin = 167.53
  Prtout = 879.84
  Qrtout = -113.72

Voltage values
  |Ust| = 1.0382 pu, ang(Ust) = 22.80 deg
  |U1t| = 1.0296 pu, ang(U1t) = 19.10 deg
  |U2t| = 1.0241 pu, ang(U2t) = 20.19 deg
  |U3t| = 1.0151 pu, ang(U3t) = 17.64 deg
  |Urt| = 0.9586 pu, ang(Urt) = 0.00 deg

Current values
  |Ist| = 2.3568 kA, ang(Ist) = 20.35 deg
  |I1t| = 2.2952 kA, ang(I1t) = 21.01 deg
  |Ilt| = 1.1813 kA, ang(Ilt) = 7.66 deg
  |Imt| = 0.0673 kA, ang(Imt) = -3.02 deg
  |Irt| = 2.4287 kA, ang(Irt) = 7.36 deg

HPFC Ratings
  Qt_hpfc = -230.00
  QM_hpfc = -214.07
  |IM_hpfc| = 0.5456 kA, ang(IM_hpfc) = 111.38 deg
  |UM_hpfc| = 1.0296 pu, ang(UM_hpfc) = 21.38 deg
  |UX_hpfc| = 0.0409 pu, ang(UX_hpfc) = -69.76 deg
  |UY_hpfc| = 0.0221 pu, ang(UY_hpfc) = -83.73 deg

  PX_hpfc = -0.48
  QX_hpfc = -35.80
  SX_hpfc = 35.81

  PY_hpfc = 0.48
  QY_hpfc = 19.88
  SY_hpfc = 19.88

  QM+QX+QY = -230.00

UPFC Ratings
  Psh_upfc = -8.51
  Qsh_upfc = -213.90
  Ssh_upfc = 214.07

  Pser_upfc = 8.51
  Qser_upfc = -16.10
  Sser_upfc = 18.21

  Qsh+Qser = -230.00

Starting to plot at: 2018-06-03 21:53:07.067214

Run finished at: 2018-06-03 21:53:07.757329
Run Lasted: 1.626 seconds
